[2018-11-07 10:40:31,405] DEBUG preRegister called. Server=com.sun.jmx.mbeanserver.JmxMBeanServer@66d3c617, name=log4j:logger=kafka.controller (kafka.controller)
[2018-11-07 10:40:40,870] INFO [ControllerEventThread controllerId=0] Starting (kafka.controller.ControllerEventManager$ControllerEventThread)
[2018-11-07 10:40:40,934] INFO [Controller id=0] 0 successfully elected as the controller (kafka.controller.KafkaController)
[2018-11-07 10:40:40,935] INFO [Controller id=0] Reading controller epoch from ZooKeeper (kafka.controller.KafkaController)
[2018-11-07 10:40:40,938] INFO [Controller id=0] Incrementing controller epoch in ZooKeeper (kafka.controller.KafkaController)
[2018-11-07 10:40:41,060] INFO [Controller id=0] Epoch incremented to 1 (kafka.controller.KafkaController)
[2018-11-07 10:40:41,060] INFO [Controller id=0] Registering handlers (kafka.controller.KafkaController)
[2018-11-07 10:40:41,063] INFO [Controller id=0] Deleting log dir event notifications (kafka.controller.KafkaController)
[2018-11-07 10:40:41,069] INFO [Controller id=0] Deleting isr change notifications (kafka.controller.KafkaController)
[2018-11-07 10:40:41,072] INFO [Controller id=0] Initializing controller context (kafka.controller.KafkaController)
[2018-11-07 10:40:41,159] DEBUG [Controller id=0] Register BrokerModifications handler for Set(0) (kafka.controller.KafkaController)
[2018-11-07 10:40:41,176] DEBUG [Channel manager on controller 0]: Controller 0 trying to connect to broker 0 (kafka.controller.ControllerChannelManager)
[2018-11-07 10:40:41,184] INFO [RequestSendThread controllerId=0] Starting (kafka.controller.RequestSendThread)
[2018-11-07 10:40:41,203] INFO [Controller id=0] Partitions being reassigned: Map() (kafka.controller.KafkaController)
[2018-11-07 10:40:41,204] INFO [Controller id=0] Currently active brokers in the cluster: Set(0) (kafka.controller.KafkaController)
[2018-11-07 10:40:41,204] INFO [Controller id=0] Currently shutting brokers in the cluster: Set() (kafka.controller.KafkaController)
[2018-11-07 10:40:41,204] INFO [Controller id=0] Current list of topics in the cluster: Set() (kafka.controller.KafkaController)
[2018-11-07 10:40:41,204] INFO [Controller id=0] Fetching topic deletions in progress (kafka.controller.KafkaController)
[2018-11-07 10:40:41,207] INFO [Controller id=0] List of topics to be deleted:  (kafka.controller.KafkaController)
[2018-11-07 10:40:41,207] INFO [Controller id=0] List of topics ineligible for deletion:  (kafka.controller.KafkaController)
[2018-11-07 10:40:41,208] INFO [Controller id=0] Initializing topic deletion manager (kafka.controller.KafkaController)
[2018-11-07 10:40:41,208] INFO [Controller id=0] Sending update metadata request (kafka.controller.KafkaController)
[2018-11-07 10:40:41,238] INFO [ReplicaStateMachine controllerId=0] Initializing replica state (kafka.controller.ReplicaStateMachine)
[2018-11-07 10:40:41,266] INFO [ReplicaStateMachine controllerId=0] Triggering online replica state changes (kafka.controller.ReplicaStateMachine)
[2018-11-07 10:40:41,278] INFO [ReplicaStateMachine controllerId=0] Started replica state machine with initial state -> Map() (kafka.controller.ReplicaStateMachine)
[2018-11-07 10:40:41,278] INFO [PartitionStateMachine controllerId=0] Initializing partition state (kafka.controller.PartitionStateMachine)
[2018-11-07 10:40:41,279] INFO [PartitionStateMachine controllerId=0] Triggering online partition state changes (kafka.controller.PartitionStateMachine)
[2018-11-07 10:40:41,282] INFO [PartitionStateMachine controllerId=0] Started partition state machine with initial state -> Map() (kafka.controller.PartitionStateMachine)
[2018-11-07 10:40:41,283] INFO [Controller id=0] Ready to serve as the new controller with epoch 1 (kafka.controller.KafkaController)
[2018-11-07 10:40:41,284] INFO [Controller id=0] Removing partitions Set() from the list of reassigned partitions in zookeeper (kafka.controller.KafkaController)
[2018-11-07 10:40:41,284] INFO [Controller id=0] No more partitions need to be reassigned. Deleting zk path /admin/reassign_partitions (kafka.controller.KafkaController)
[2018-11-07 10:40:41,332] INFO [RequestSendThread controllerId=0] Controller 0 connected to nishanth-hp-pavilion-notebook:9092 (id: 0 rack: null) for sending state change requests (kafka.controller.RequestSendThread)
[2018-11-07 10:40:41,333] INFO [Controller id=0] Partitions undergoing preferred replica election:  (kafka.controller.KafkaController)
[2018-11-07 10:40:41,333] INFO [Controller id=0] Partitions that completed preferred replica election:  (kafka.controller.KafkaController)
[2018-11-07 10:40:41,334] INFO [Controller id=0] Skipping preferred replica election for partitions due to topic deletion:  (kafka.controller.KafkaController)
[2018-11-07 10:40:41,334] INFO [Controller id=0] Resuming preferred replica election for partitions:  (kafka.controller.KafkaController)
[2018-11-07 10:40:41,334] INFO [Controller id=0] Starting preferred replica leader election for partitions  (kafka.controller.KafkaController)
[2018-11-07 10:40:41,396] INFO [Controller id=0] Starting the controller scheduler (kafka.controller.KafkaController)
[2018-11-07 10:40:46,399] TRACE [Controller id=0] Checking need to trigger auto leader balancing (kafka.controller.KafkaController)
[2018-11-07 10:40:46,403] DEBUG [Controller id=0] Preferred replicas by broker Map() (kafka.controller.KafkaController)
[2018-11-07 10:40:55,035] INFO [Controller id=0] New topics: [Set(thanos)], deleted topics: [Set()], new partition replica assignment [Map(thanos-0 -> Vector(0))] (kafka.controller.KafkaController)
[2018-11-07 10:40:55,041] INFO [Controller id=0] New partition creation callback for thanos-0 (kafka.controller.KafkaController)
[2018-11-07 10:41:40,298] INFO [Controller id=0] New topics: [Set(avengers)], deleted topics: [Set()], new partition replica assignment [Map(avengers-0 -> Vector(0))] (kafka.controller.KafkaController)
[2018-11-07 10:41:40,298] INFO [Controller id=0] New partition creation callback for avengers-0 (kafka.controller.KafkaController)
[2018-11-07 10:43:11,953] INFO [Controller id=0] New topics: [Set(superman)], deleted topics: [Set()], new partition replica assignment [Map(superman-0 -> Vector(0))] (kafka.controller.KafkaController)
[2018-11-07 10:43:11,954] INFO [Controller id=0] New partition creation callback for superman-0 (kafka.controller.KafkaController)
[2018-11-07 10:44:01,299] INFO [Controller id=0] New topics: [Set(spiderman)], deleted topics: [Set()], new partition replica assignment [Map(spiderman-0 -> Vector(0))] (kafka.controller.KafkaController)
[2018-11-07 10:44:01,299] INFO [Controller id=0] New partition creation callback for spiderman-0 (kafka.controller.KafkaController)
[2018-11-07 10:45:46,404] TRACE [Controller id=0] Checking need to trigger auto leader balancing (kafka.controller.KafkaController)
[2018-11-07 10:45:46,405] DEBUG [Controller id=0] Preferred replicas by broker Map(0 -> Map(thanos-0 -> Vector(0), spiderman-0 -> Vector(0), avengers-0 -> Vector(0), superman-0 -> Vector(0))) (kafka.controller.KafkaController)
[2018-11-07 10:45:46,406] DEBUG [Controller id=0] Topics not in preferred replica for broker 0 Map() (kafka.controller.KafkaController)
[2018-11-07 10:45:46,406] TRACE [Controller id=0] Leader imbalance ratio for broker 0 is 0.0 (kafka.controller.KafkaController)
[2018-11-07 10:46:46,971] INFO [Controller id=0] Shutting down broker 0 (kafka.controller.KafkaController)
[2018-11-07 10:46:46,973] DEBUG [Controller id=0] All shutting down brokers: 0 (kafka.controller.KafkaController)
[2018-11-07 10:46:46,974] DEBUG [Controller id=0] Live brokers:  (kafka.controller.KafkaController)
[2018-11-07 10:46:46,978] TRACE [Controller id=0] All leaders = spiderman-0 -> (Leader:0,ISR:0,LeaderEpoch:0,ControllerEpoch:1),avengers-0 -> (Leader:0,ISR:0,LeaderEpoch:0,ControllerEpoch:1),superman-0 -> (Leader:0,ISR:0,LeaderEpoch:0,ControllerEpoch:1),thanos-0 -> (Leader:0,ISR:0,LeaderEpoch:0,ControllerEpoch:1) (kafka.controller.KafkaController)
[2018-11-07 10:46:48,399] INFO [ControllerEventThread controllerId=0] Shutting down (kafka.controller.ControllerEventManager$ControllerEventThread)
[2018-11-07 10:46:48,399] INFO [ControllerEventThread controllerId=0] Stopped (kafka.controller.ControllerEventManager$ControllerEventThread)
[2018-11-07 10:46:48,399] INFO [ControllerEventThread controllerId=0] Shutdown completed (kafka.controller.ControllerEventManager$ControllerEventThread)
[2018-11-07 10:46:48,400] DEBUG [Controller id=0] Resigning (kafka.controller.KafkaController)
[2018-11-07 10:46:48,400] DEBUG [Controller id=0] Unregister BrokerModifications handler for Set(0) (kafka.controller.KafkaController)
[2018-11-07 10:46:48,401] INFO [PartitionStateMachine controllerId=0] Stopped partition state machine (kafka.controller.PartitionStateMachine)
[2018-11-07 10:46:48,403] INFO [ReplicaStateMachine controllerId=0] Stopped replica state machine (kafka.controller.ReplicaStateMachine)
[2018-11-07 10:46:48,403] INFO [RequestSendThread controllerId=0] Shutting down (kafka.controller.RequestSendThread)
[2018-11-07 10:46:48,403] INFO [RequestSendThread controllerId=0] Stopped (kafka.controller.RequestSendThread)
[2018-11-07 10:46:48,403] INFO [RequestSendThread controllerId=0] Shutdown completed (kafka.controller.RequestSendThread)
[2018-11-07 10:46:48,404] INFO [Controller id=0] Resigned (kafka.controller.KafkaController)
