[2018-11-07 10:40:31,401] DEBUG preRegister called. Server=com.sun.jmx.mbeanserver.JmxMBeanServer@66d3c617, name=log4j:logger=state.change.logger (state.change.logger)
[2018-11-07 10:40:41,479] TRACE [Controller id=0 epoch=1] Received response {error_code=0} for request UPDATE_METADATA with correlation id 0 sent to broker nishanth-hp-pavilion-notebook:9092 (id: 0 rack: null) (state.change.logger)
[2018-11-07 10:40:55,080] TRACE [Controller id=0 epoch=1] Changed partition thanos-0 state from NonExistentPartition to NewPartition with assigned replicas 0 (state.change.logger)
[2018-11-07 10:40:55,095] TRACE [Controller id=0 epoch=1] Changed state of replica 0 for partition thanos-0 from NonExistentReplica to NewReplica (state.change.logger)
[2018-11-07 10:40:55,144] TRACE [Controller id=0 epoch=1] Changed partition thanos-0 from NewPartition to OnlinePartition with state LeaderAndIsr(leader=0, leaderEpoch=0, isr=List(0), zkVersion=0) (state.change.logger)
[2018-11-07 10:40:55,145] TRACE [Controller id=0 epoch=1] Sending become-leader LeaderAndIsr request PartitionState(controllerEpoch=1, leader=0, leaderEpoch=0, isr=0, zkVersion=0, replicas=0, isNew=true) to broker 0 for partition thanos-0 (state.change.logger)
[2018-11-07 10:40:55,147] TRACE [Controller id=0 epoch=1] Sending UpdateMetadata request PartitionState(controllerEpoch=1, leader=0, leaderEpoch=0, isr=[0], zkVersion=0, replicas=[0], offlineReplicas=[]) to brokers Set(0) for partition thanos-0 (state.change.logger)
[2018-11-07 10:40:55,148] TRACE [Controller id=0 epoch=1] Changed state of replica 0 for partition thanos-0 from NewReplica to OnlineReplica (state.change.logger)
[2018-11-07 10:40:55,149] TRACE [Broker id=0] Received LeaderAndIsr request PartitionState(controllerEpoch=1, leader=0, leaderEpoch=0, isr=0, zkVersion=0, replicas=0, isNew=true) correlation id 1 from controller 0 epoch 1 for partition thanos-0 (state.change.logger)
[2018-11-07 10:40:55,153] TRACE [Broker id=0] Handling LeaderAndIsr request correlationId 1 from controller 0 epoch 1 starting the become-leader transition for partition thanos-0 (state.change.logger)
[2018-11-07 10:40:55,293] TRACE [Broker id=0] Stopped fetchers as part of become-leader request from controller 0 epoch 1 with correlation id 1 for partition thanos-0 (last update controller epoch 1) (state.change.logger)
[2018-11-07 10:40:55,294] TRACE [Broker id=0] Completed LeaderAndIsr request correlationId 1 from controller 0 epoch 1 for the become-leader transition for partition thanos-0 (state.change.logger)
[2018-11-07 10:40:55,338] TRACE [Controller id=0 epoch=1] Received response {error_code=0,partitions=[{topic=thanos,partition=0,error_code=0}]} for request LEADER_AND_ISR with correlation id 1 sent to broker nishanth-hp-pavilion-notebook:9092 (id: 0 rack: null) (state.change.logger)
[2018-11-07 10:40:55,342] TRACE [Broker id=0] Cached leader info PartitionState(controllerEpoch=1, leader=0, leaderEpoch=0, isr=[0], zkVersion=0, replicas=[0], offlineReplicas=[]) for partition thanos-0 in response to UpdateMetadata request sent by controller 0 epoch 1 with correlation id 2 (state.change.logger)
[2018-11-07 10:40:55,342] TRACE [Controller id=0 epoch=1] Received response {error_code=0} for request UPDATE_METADATA with correlation id 2 sent to broker nishanth-hp-pavilion-notebook:9092 (id: 0 rack: null) (state.change.logger)
[2018-11-07 10:41:40,299] TRACE [Controller id=0 epoch=1] Changed partition avengers-0 state from NonExistentPartition to NewPartition with assigned replicas 0 (state.change.logger)
[2018-11-07 10:41:40,299] TRACE [Controller id=0 epoch=1] Changed state of replica 0 for partition avengers-0 from NonExistentReplica to NewReplica (state.change.logger)
[2018-11-07 10:41:40,429] TRACE [Controller id=0 epoch=1] Changed partition avengers-0 from NewPartition to OnlinePartition with state LeaderAndIsr(leader=0, leaderEpoch=0, isr=List(0), zkVersion=0) (state.change.logger)
[2018-11-07 10:41:40,429] TRACE [Controller id=0 epoch=1] Sending become-leader LeaderAndIsr request PartitionState(controllerEpoch=1, leader=0, leaderEpoch=0, isr=0, zkVersion=0, replicas=0, isNew=true) to broker 0 for partition avengers-0 (state.change.logger)
[2018-11-07 10:41:40,430] TRACE [Controller id=0 epoch=1] Sending UpdateMetadata request PartitionState(controllerEpoch=1, leader=0, leaderEpoch=0, isr=[0], zkVersion=0, replicas=[0], offlineReplicas=[]) to brokers Set(0) for partition avengers-0 (state.change.logger)
[2018-11-07 10:41:40,431] TRACE [Controller id=0 epoch=1] Changed state of replica 0 for partition avengers-0 from NewReplica to OnlineReplica (state.change.logger)
[2018-11-07 10:41:40,432] TRACE [Broker id=0] Received LeaderAndIsr request PartitionState(controllerEpoch=1, leader=0, leaderEpoch=0, isr=0, zkVersion=0, replicas=0, isNew=true) correlation id 3 from controller 0 epoch 1 for partition avengers-0 (state.change.logger)
[2018-11-07 10:41:40,433] TRACE [Broker id=0] Handling LeaderAndIsr request correlationId 3 from controller 0 epoch 1 starting the become-leader transition for partition avengers-0 (state.change.logger)
[2018-11-07 10:41:40,448] TRACE [Broker id=0] Stopped fetchers as part of become-leader request from controller 0 epoch 1 with correlation id 3 for partition avengers-0 (last update controller epoch 1) (state.change.logger)
[2018-11-07 10:41:40,448] TRACE [Broker id=0] Completed LeaderAndIsr request correlationId 3 from controller 0 epoch 1 for the become-leader transition for partition avengers-0 (state.change.logger)
[2018-11-07 10:41:40,454] TRACE [Controller id=0 epoch=1] Received response {error_code=0,partitions=[{topic=avengers,partition=0,error_code=0}]} for request LEADER_AND_ISR with correlation id 3 sent to broker nishanth-hp-pavilion-notebook:9092 (id: 0 rack: null) (state.change.logger)
[2018-11-07 10:41:40,461] TRACE [Broker id=0] Cached leader info PartitionState(controllerEpoch=1, leader=0, leaderEpoch=0, isr=[0], zkVersion=0, replicas=[0], offlineReplicas=[]) for partition avengers-0 in response to UpdateMetadata request sent by controller 0 epoch 1 with correlation id 4 (state.change.logger)
[2018-11-07 10:41:40,467] TRACE [Controller id=0 epoch=1] Received response {error_code=0} for request UPDATE_METADATA with correlation id 4 sent to broker nishanth-hp-pavilion-notebook:9092 (id: 0 rack: null) (state.change.logger)
[2018-11-07 10:43:11,954] TRACE [Controller id=0 epoch=1] Changed partition superman-0 state from NonExistentPartition to NewPartition with assigned replicas 0 (state.change.logger)
[2018-11-07 10:43:11,954] TRACE [Controller id=0 epoch=1] Changed state of replica 0 for partition superman-0 from NonExistentReplica to NewReplica (state.change.logger)
[2018-11-07 10:43:11,982] TRACE [Controller id=0 epoch=1] Changed partition superman-0 from NewPartition to OnlinePartition with state LeaderAndIsr(leader=0, leaderEpoch=0, isr=List(0), zkVersion=0) (state.change.logger)
[2018-11-07 10:43:11,983] TRACE [Controller id=0 epoch=1] Sending become-leader LeaderAndIsr request PartitionState(controllerEpoch=1, leader=0, leaderEpoch=0, isr=0, zkVersion=0, replicas=0, isNew=true) to broker 0 for partition superman-0 (state.change.logger)
[2018-11-07 10:43:11,985] TRACE [Controller id=0 epoch=1] Sending UpdateMetadata request PartitionState(controllerEpoch=1, leader=0, leaderEpoch=0, isr=[0], zkVersion=0, replicas=[0], offlineReplicas=[]) to brokers Set(0) for partition superman-0 (state.change.logger)
[2018-11-07 10:43:11,986] TRACE [Controller id=0 epoch=1] Changed state of replica 0 for partition superman-0 from NewReplica to OnlineReplica (state.change.logger)
[2018-11-07 10:43:11,987] TRACE [Broker id=0] Received LeaderAndIsr request PartitionState(controllerEpoch=1, leader=0, leaderEpoch=0, isr=0, zkVersion=0, replicas=0, isNew=true) correlation id 5 from controller 0 epoch 1 for partition superman-0 (state.change.logger)
[2018-11-07 10:43:11,989] TRACE [Broker id=0] Handling LeaderAndIsr request correlationId 5 from controller 0 epoch 1 starting the become-leader transition for partition superman-0 (state.change.logger)
[2018-11-07 10:43:12,002] TRACE [Broker id=0] Stopped fetchers as part of become-leader request from controller 0 epoch 1 with correlation id 5 for partition superman-0 (last update controller epoch 1) (state.change.logger)
[2018-11-07 10:43:12,002] TRACE [Broker id=0] Completed LeaderAndIsr request correlationId 5 from controller 0 epoch 1 for the become-leader transition for partition superman-0 (state.change.logger)
[2018-11-07 10:43:12,002] TRACE [Controller id=0 epoch=1] Received response {error_code=0,partitions=[{topic=superman,partition=0,error_code=0}]} for request LEADER_AND_ISR with correlation id 5 sent to broker nishanth-hp-pavilion-notebook:9092 (id: 0 rack: null) (state.change.logger)
[2018-11-07 10:43:12,003] TRACE [Broker id=0] Cached leader info PartitionState(controllerEpoch=1, leader=0, leaderEpoch=0, isr=[0], zkVersion=0, replicas=[0], offlineReplicas=[]) for partition superman-0 in response to UpdateMetadata request sent by controller 0 epoch 1 with correlation id 6 (state.change.logger)
[2018-11-07 10:43:12,003] TRACE [Controller id=0 epoch=1] Received response {error_code=0} for request UPDATE_METADATA with correlation id 6 sent to broker nishanth-hp-pavilion-notebook:9092 (id: 0 rack: null) (state.change.logger)
[2018-11-07 10:44:01,299] TRACE [Controller id=0 epoch=1] Changed partition spiderman-0 state from NonExistentPartition to NewPartition with assigned replicas 0 (state.change.logger)
[2018-11-07 10:44:01,299] TRACE [Controller id=0 epoch=1] Changed state of replica 0 for partition spiderman-0 from NonExistentReplica to NewReplica (state.change.logger)
[2018-11-07 10:44:01,333] TRACE [Controller id=0 epoch=1] Changed partition spiderman-0 from NewPartition to OnlinePartition with state LeaderAndIsr(leader=0, leaderEpoch=0, isr=List(0), zkVersion=0) (state.change.logger)
[2018-11-07 10:44:01,333] TRACE [Controller id=0 epoch=1] Sending become-leader LeaderAndIsr request PartitionState(controllerEpoch=1, leader=0, leaderEpoch=0, isr=0, zkVersion=0, replicas=0, isNew=true) to broker 0 for partition spiderman-0 (state.change.logger)
[2018-11-07 10:44:01,334] TRACE [Controller id=0 epoch=1] Sending UpdateMetadata request PartitionState(controllerEpoch=1, leader=0, leaderEpoch=0, isr=[0], zkVersion=0, replicas=[0], offlineReplicas=[]) to brokers Set(0) for partition spiderman-0 (state.change.logger)
[2018-11-07 10:44:01,336] TRACE [Controller id=0 epoch=1] Changed state of replica 0 for partition spiderman-0 from NewReplica to OnlineReplica (state.change.logger)
[2018-11-07 10:44:01,337] TRACE [Broker id=0] Received LeaderAndIsr request PartitionState(controllerEpoch=1, leader=0, leaderEpoch=0, isr=0, zkVersion=0, replicas=0, isNew=true) correlation id 7 from controller 0 epoch 1 for partition spiderman-0 (state.change.logger)
[2018-11-07 10:44:01,345] TRACE [Broker id=0] Handling LeaderAndIsr request correlationId 7 from controller 0 epoch 1 starting the become-leader transition for partition spiderman-0 (state.change.logger)
[2018-11-07 10:44:01,353] TRACE [Broker id=0] Stopped fetchers as part of become-leader request from controller 0 epoch 1 with correlation id 7 for partition spiderman-0 (last update controller epoch 1) (state.change.logger)
[2018-11-07 10:44:01,354] TRACE [Broker id=0] Completed LeaderAndIsr request correlationId 7 from controller 0 epoch 1 for the become-leader transition for partition spiderman-0 (state.change.logger)
[2018-11-07 10:44:01,355] TRACE [Controller id=0 epoch=1] Received response {error_code=0,partitions=[{topic=spiderman,partition=0,error_code=0}]} for request LEADER_AND_ISR with correlation id 7 sent to broker nishanth-hp-pavilion-notebook:9092 (id: 0 rack: null) (state.change.logger)
[2018-11-07 10:44:01,355] TRACE [Broker id=0] Cached leader info PartitionState(controllerEpoch=1, leader=0, leaderEpoch=0, isr=[0], zkVersion=0, replicas=[0], offlineReplicas=[]) for partition spiderman-0 in response to UpdateMetadata request sent by controller 0 epoch 1 with correlation id 8 (state.change.logger)
[2018-11-07 10:44:01,362] TRACE [Controller id=0 epoch=1] Received response {error_code=0} for request UPDATE_METADATA with correlation id 8 sent to broker nishanth-hp-pavilion-notebook:9092 (id: 0 rack: null) (state.change.logger)
